Using pre-set license
Built from '2022.3/staging' branch; Version is '2022.3.55f1 (9f374180d209) revision 10434369'; Using compiler version '192829333'; Build Type 'Release'
OS: 'Windows 10  (10.0.19045) 64bit Core' Language: 'es' Physical Memory: 8080 MB
BatchMode: 1, IsHumanControllingUs: 0, StartBugReporterOnCrash: 0, Is64bit: 1, IsPro: 1

COMMAND LINE ARGUMENTS:
D:\Usuarios\Ivan\Editor\2022.3.55f1\Editor\Unity.exe
-adb2
-batchMode
-noUpm
-name
AssetImportWorker2
-projectPath
D:/Usuarios/Ivan/UnityProjects/PSP
-logFile
Logs/AssetImportWorker2.log
-srvPort
52773
Successfully changed project path to: D:/Usuarios/Ivan/UnityProjects/PSP
D:/Usuarios/Ivan/UnityProjects/PSP
[UnityMemory] Configuration Parameters - Can be set up in boot.config
    "memorysetup-bucket-allocator-granularity=16"
    "memorysetup-bucket-allocator-bucket-count=8"
    "memorysetup-bucket-allocator-block-size=33554432"
    "memorysetup-bucket-allocator-block-count=8"
    "memorysetup-main-allocator-block-size=16777216"
    "memorysetup-thread-allocator-block-size=16777216"
    "memorysetup-gfx-main-allocator-block-size=16777216"
    "memorysetup-gfx-thread-allocator-block-size=16777216"
    "memorysetup-cache-allocator-block-size=4194304"
    "memorysetup-typetree-allocator-block-size=2097152"
    "memorysetup-profiler-bucket-allocator-granularity=16"
    "memorysetup-profiler-bucket-allocator-bucket-count=8"
    "memorysetup-profiler-bucket-allocator-block-size=33554432"
    "memorysetup-profiler-bucket-allocator-block-count=8"
    "memorysetup-profiler-allocator-block-size=16777216"
    "memorysetup-profiler-editor-allocator-block-size=1048576"
    "memorysetup-temp-allocator-size-main=16777216"
    "memorysetup-job-temp-allocator-block-size=2097152"
    "memorysetup-job-temp-allocator-block-size-background=1048576"
    "memorysetup-job-temp-allocator-reduction-small-platforms=262144"
    "memorysetup-allocator-temp-initial-block-size-main=262144"
    "memorysetup-allocator-temp-initial-block-size-worker=262144"
    "memorysetup-temp-allocator-size-background-worker=32768"
    "memorysetup-temp-allocator-size-job-worker=262144"
    "memorysetup-temp-allocator-size-preload-manager=33554432"
    "memorysetup-temp-allocator-size-nav-mesh-worker=65536"
    "memorysetup-temp-allocator-size-audio-worker=65536"
    "memorysetup-temp-allocator-size-cloud-worker=32768"
    "memorysetup-temp-allocator-size-gi-baking-worker=262144"
    "memorysetup-temp-allocator-size-gfx=262144"
Player connection [15480]  Target information:

Player connection [15480]  * "[IP] 192.168.56.1 [Port] 0 [Flags] 2 [Guid] 323009261 [EditorId] 323009261 [Version] 1048832 [Id] WindowsEditor(7,LAPTOP-BA4GEL45) [Debug] 1 [PackageName] WindowsEditor [ProjectName] Editor" 

Player connection [15480]  * "[IP] 10.208.79.125 [Port] 0 [Flags] 2 [Guid] 323009261 [EditorId] 323009261 [Version] 1048832 [Id] WindowsEditor(7,LAPTOP-BA4GEL45) [Debug] 1 [PackageName] WindowsEditor [ProjectName] Editor" 

Player connection [15480] Host joined multi-casting on [225.0.0.222:54997]...
Player connection [15480] Host joined alternative multi-casting on [225.0.0.222:34997]...
[PhysX] Initialized MultithreadedTaskDispatcher with 12 workers.
Refreshing native plugins compatible for Editor in 892.01 ms, found 3 plugins.
Preloading 0 native plugins for Editor in 0.00 ms.
Initialize engine version: 2022.3.55f1 (9f374180d209)
[Subsystems] Discovering subsystems at path D:/Usuarios/Ivan/Editor/2022.3.55f1/Editor/Data/Resources/UnitySubsystems
[Subsystems] Discovering subsystems at path D:/Usuarios/Ivan/UnityProjects/PSP/Assets
GfxDevice: creating device client; threaded=0; jobified=0
Direct3D:
    Version:  Direct3D 11.0 [level 11.1]
    Renderer: NVIDIA GeForce GTX 1050 (ID=0x1c8d)
    Vendor:   NVIDIA
    VRAM:     4018 MB
    Driver:   31.0.15.3699
Initialize mono
Mono path[0] = 'D:/Usuarios/Ivan/Editor/2022.3.55f1/Editor/Data/Managed'
Mono path[1] = 'D:/Usuarios/Ivan/Editor/2022.3.55f1/Editor/Data/MonoBleedingEdge/lib/mono/unityjit-win32'
Mono config path = 'D:/Usuarios/Ivan/Editor/2022.3.55f1/Editor/Data/MonoBleedingEdge/etc'
Using monoOptions --debugger-agent=transport=dt_socket,embedding=1,server=y,suspend=n,address=127.0.0.1:56360
Begin MonoManager ReloadAssembly
Registering precompiled unity dll's ...
Register platform support module: D:/Usuarios/Ivan/Editor/2022.3.55f1/Editor/Data/PlaybackEngines/MacStandaloneSupport/UnityEditor.OSXStandalone.Extensions.dll
Register platform support module: D:/Usuarios/Ivan/Editor/2022.3.55f1/Editor/Data/PlaybackEngines/AndroidPlayer/UnityEditor.Android.Extensions.dll
Register platform support module: D:/Usuarios/Ivan/Editor/2022.3.55f1/Editor/Data/PlaybackEngines/iOSSupport/UnityEditor.iOS.Extensions.dll
Register platform support module: D:/Usuarios/Ivan/Editor/2022.3.55f1/Editor/Data/PlaybackEngines/WindowsStandaloneSupport/UnityEditor.WindowsStandalone.Extensions.dll
Registered in 0.318811 seconds.
- Loaded All Assemblies, in  3.297 seconds
Native extension for WindowsStandalone target not found
[usbmuxd] Start listen thread
[usbmuxd] Listen thread started
Native extension for iOS target not found
Native extension for Android target not found
Native extension for OSXStandalone target not found
Mono: successfully reloaded assembly
- Finished resetting the current domain, in  0.685 seconds
Domain Reload Profiling: 3982ms
	BeginReloadAssembly (2343ms)
		ExecutionOrderSort (0ms)
		DisableScriptedObjects (0ms)
		BackupInstance (0ms)
		ReleaseScriptingObjects (0ms)
		CreateAndSetChildDomain (1ms)
	RebuildCommonClasses (47ms)
	RebuildNativeTypeToScriptingClass (13ms)
	initialDomainReloadingComplete (373ms)
	LoadAllAssembliesAndSetupDomain (521ms)
		LoadAssemblies (2343ms)
		RebuildTransferFunctionScriptingTraits (0ms)
		AnalyzeDomain (518ms)
			TypeCache.Refresh (516ms)
				TypeCache.ScanAssembly (497ms)
			ScanForSourceGeneratedMonoScriptInfo (0ms)
			ResolveRequiredComponents (1ms)
	FinalizeReload (686ms)
		ReleaseScriptCaches (0ms)
		RebuildScriptCaches (0ms)
		SetupLoadedEditorAssemblies (630ms)
			LogAssemblyErrors (0ms)
			InitializePlatformSupportModulesInManaged (376ms)
			SetLoadedEditorAssemblies (5ms)
			RefreshPlugins (0ms)
			BeforeProcessingInitializeOnLoad (2ms)
			ProcessInitializeOnLoadAttributes (142ms)
			ProcessInitializeOnLoadMethodAttributes (105ms)
			AfterProcessingInitializeOnLoad (0ms)
			EditorAssembliesLoaded (0ms)
		ExecutionOrderSort2 (0ms)
		AwakeInstancesAfterBackupRestoration (0ms)
========================================================================
Worker process is ready to serve import requests
Caller must complete domain reload
Begin MonoManager ReloadAssembly
BadImageFormatException: Format of the executable (.exe) or library (.dll) is invalid.
  at Mono.Cecil.PE.ImageReader.ReadImage () [0x00026] in <a6860a9f6366437387ebdc1f225b7fd4>:0 
  at Mono.Cecil.PE.ImageReader.ReadImage (Mono.Disposable`1[T] stream, System.String file_name) [0x00007] in <a6860a9f6366437387ebdc1f225b7fd4>:0 
  at Mono.Cecil.ModuleDefinition.ReadModule (Mono.Disposable`1[T] stream, System.String fileName, Mono.Cecil.ReaderParameters parameters) [0x00006] in <a6860a9f6366437387ebdc1f225b7fd4>:0 
  at Mono.Cecil.ModuleDefinition.ReadModule (System.String fileName, Mono.Cecil.ReaderParameters parameters) [0x0006c] in <a6860a9f6366437387ebdc1f225b7fd4>:0 
  at Mono.Cecil.BaseAssemblyResolver.GetAssembly (System.String file, Mono.Cecil.ReaderParameters parameters) [0x0000f] in <a6860a9f6366437387ebdc1f225b7fd4>:0 
  at Mono.Cecil.BaseAssemblyResolver.GetAssemblyInMonoGac (Mono.Cecil.AssemblyNameReference reference, Mono.Cecil.ReaderParameters parameters) [0x00026] in <a6860a9f6366437387ebdc1f225b7fd4>:0 
  at Mono.Cecil.BaseAssemblyResolver.GetAssemblyInGac (Mono.Cecil.AssemblyNameReference reference, Mono.Cecil.ReaderParameters parameters) [0x0002d] in <a6860a9f6366437387ebdc1f225b7fd4>:0 
  at Mono.Cecil.BaseAssemblyResolver.Resolve (Mono.Cecil.AssemblyNameReference name, Mono.Cecil.ReaderParameters parameters) [0x000c7] in <a6860a9f6366437387ebdc1f225b7fd4>:0 
  at Mono.Cecil.BaseAssemblyResolver.Resolve (Mono.Cecil.AssemblyNameReference name) [0x00007] in <a6860a9f6366437387ebdc1f225b7fd4>:0 
  at UnityEditor.AssemblyValidation+AssemblyResolver.Resolve (Mono.Cecil.AssemblyNameReference name) [0x0002f] in <c4b0cc57ec424a5a9b1c3b56141bb74a>:0 
  at UnityEditor.AssemblyValidation.ResolveAndSetupReferences (System.Int32 index, UnityEditor.AssemblyValidation+Error[] errors, Mono.Cecil.AssemblyDefinition[] assemblyDefinitions, System.Collections.Generic.Dictionary`2[TKey,TValue] assemblyDefinitionNameToIndex, UnityEditor.AssemblyValidation+AssemblyAndReferences[] assemblyAndReferences, System.String assemblyPath) [0x00084] in <c4b0cc57ec424a5a9b1c3b56141bb74a>:0 
  at UnityEditor.AssemblyValidation.CheckAssemblyReferences (System.String[] assemblyPaths, UnityEditor.AssemblyValidation+Error[] errors, Mono.Cecil.AssemblyDefinition[] assemblyDefinitions, System.Func`2[T,TResult] compatibleWithEditor) [0x00106] in <c4b0cc57ec424a5a9b1c3b56141bb74a>:0 
  at UnityEditor.AssemblyValidation.ValidateAssemblyDefinitions (System.String[] assemblyPaths, Mono.Cecil.AssemblyDefinition[] assemblyDefinitions, System.Func`2[T,TResult] compatibleWithEditor) [0x0000a] in <c4b0cc57ec424a5a9b1c3b56141bb74a>:0 
  at UnityEditor.AssemblyValidation.ValidateAssemblies (System.String[] assemblyPaths, System.Boolean enableLogging) [0x00054] in <c4b0cc57ec424a5a9b1c3b56141bb74a>:0 

- Loaded All Assemblies, in  3.961 seconds
Native extension for WindowsStandalone target not found
Native extension for iOS target not found
Native extension for Android target not found
Native extension for OSXStandalone target not found
Mono: successfully reloaded assembly
- Finished resetting the current domain, in  1.175 seconds
Domain Reload Profiling: 5136ms
	BeginReloadAssembly (290ms)
		ExecutionOrderSort (0ms)
		DisableScriptedObjects (6ms)
		BackupInstance (0ms)
		ReleaseScriptingObjects (0ms)
		CreateAndSetChildDomain (28ms)
	RebuildCommonClasses (36ms)
	RebuildNativeTypeToScriptingClass (12ms)
	initialDomainReloadingComplete (134ms)
	LoadAllAssembliesAndSetupDomain (3489ms)
		LoadAssemblies (3441ms)
		RebuildTransferFunctionScriptingTraits (0ms)
		AnalyzeDomain (265ms)
			TypeCache.Refresh (243ms)
				TypeCache.ScanAssembly (222ms)
			ScanForSourceGeneratedMonoScriptInfo (15ms)
			ResolveRequiredComponents (6ms)
	FinalizeReload (1175ms)
		ReleaseScriptCaches (0ms)
		RebuildScriptCaches (0ms)
		SetupLoadedEditorAssemblies (974ms)
			LogAssemblyErrors (0ms)
			InitializePlatformSupportModulesInManaged (82ms)
			SetLoadedEditorAssemblies (3ms)
			RefreshPlugins (0ms)
			BeforeProcessingInitializeOnLoad (63ms)
			ProcessInitializeOnLoadAttributes (798ms)
			ProcessInitializeOnLoadMethodAttributes (24ms)
			AfterProcessingInitializeOnLoad (5ms)
			EditorAssembliesLoaded (0ms)
		ExecutionOrderSort2 (0ms)
		AwakeInstancesAfterBackupRestoration (12ms)
Launched and connected shader compiler UnityShaderCompiler.exe after 0.18 seconds
Refreshing native plugins compatible for Editor in 71.00 ms, found 3 plugins.
Preloading 0 native plugins for Editor in 0.00 ms.
Unloading 3154 Unused Serialized files (Serialized files now loaded: 0)
Unloading 20 unused Assets / (55.0 KB). Loaded Objects now: 3622.
Memory consumption went from 123.6 MB to 123.6 MB.
Total: 3.555700 ms (FindLiveObjects: 0.266000 ms CreateObjectMapping: 0.189400 ms MarkObjects: 2.983300 ms  DeleteObjects: 0.116100 ms)

AssetImportParameters requested are different than current active one (requested -> active):
  custom:container-demuxer-ogg: 62fdf1f143b41e24485cea50d1cbac27 -> 
  custom:video-codec-MediaFoundation-h265: 746d11721c4dcdbdad8f713fa42b33f4 -> 
  custom:video-decoder-ogg-theora: a1e56fd34408186e4bbccfd4996cb3dc -> 
  custom:framework-win-MediaFoundation: 216162199b28c13a410421893ffa2e32 -> 
  custom:CustomObjectIndexerAttribute: 9a22284fe3817be447336de3de66b15e -> 
  custom:container-demuxer-webm: 4f35f7cbe854078d1ac9338744f61a02 -> 
  custom:container-muxer-webm: aa71ff27fc2769a1b78a27578f13a17b -> 
  custom:video-decoder-webm-vp8: 9c59270c3fd7afecdb556c50c9e8de78 -> 
  custom:SearchIndexIgnoredProperties: e643bd26f0fe6173181afceb89e7c659 -> 
  custom:AudioImporter_EditorPlatform: d09bf68614088b80899f8185d706f6e7 -> 
  custom:video-encoder-webm-vp8: eb34c28f22e8b96e1ab97ce403110664 -> 
  custom:audio-decoder-ogg-vorbis: bf7c407c2cedff20999df2af8eb42d56 -> 
  custom:audio-encoder-webm-vorbis: bf7c407c2cedff20999df2af8eb42d56 -> 
========================================================================
Received Prepare
Caller must complete domain reload
Begin MonoManager ReloadAssembly
BadImageFormatException: Format of the executable (.exe) or library (.dll) is invalid.
  at Mono.Cecil.PE.ImageReader.ReadImage () [0x00026] in <a6860a9f6366437387ebdc1f225b7fd4>:0 
  at Mono.Cecil.PE.ImageReader.ReadImage (Mono.Disposable`1[T] stream, System.String file_name) [0x00007] in <a6860a9f6366437387ebdc1f225b7fd4>:0 
  at Mono.Cecil.ModuleDefinition.ReadModule (Mono.Disposable`1[T] stream, System.String fileName, Mono.Cecil.ReaderParameters parameters) [0x00006] in <a6860a9f6366437387ebdc1f225b7fd4>:0 
  at Mono.Cecil.ModuleDefinition.ReadModule (System.String fileName, Mono.Cecil.ReaderParameters parameters) [0x0006c] in <a6860a9f6366437387ebdc1f225b7fd4>:0 
  at Mono.Cecil.BaseAssemblyResolver.GetAssembly (System.String file, Mono.Cecil.ReaderParameters parameters) [0x0000f] in <a6860a9f6366437387ebdc1f225b7fd4>:0 
  at Mono.Cecil.BaseAssemblyResolver.GetAssemblyInMonoGac (Mono.Cecil.AssemblyNameReference reference, Mono.Cecil.ReaderParameters parameters) [0x00026] in <a6860a9f6366437387ebdc1f225b7fd4>:0 
  at Mono.Cecil.BaseAssemblyResolver.GetAssemblyInGac (Mono.Cecil.AssemblyNameReference reference, Mono.Cecil.ReaderParameters parameters) [0x0002d] in <a6860a9f6366437387ebdc1f225b7fd4>:0 
  at Mono.Cecil.BaseAssemblyResolver.Resolve (Mono.Cecil.AssemblyNameReference name, Mono.Cecil.ReaderParameters parameters) [0x000c7] in <a6860a9f6366437387ebdc1f225b7fd4>:0 
  at Mono.Cecil.BaseAssemblyResolver.Resolve (Mono.Cecil.AssemblyNameReference name) [0x00007] in <a6860a9f6366437387ebdc1f225b7fd4>:0 
  at UnityEditor.AssemblyValidation+AssemblyResolver.Resolve (Mono.Cecil.AssemblyNameReference name) [0x0002f] in <c4b0cc57ec424a5a9b1c3b56141bb74a>:0 
  at UnityEditor.AssemblyValidation.ResolveAndSetupReferences (System.Int32 index, UnityEditor.AssemblyValidation+Error[] errors, Mono.Cecil.AssemblyDefinition[] assemblyDefinitions, System.Collections.Generic.Dictionary`2[TKey,TValue] assemblyDefinitionNameToIndex, UnityEditor.AssemblyValidation+AssemblyAndReferences[] assemblyAndReferences, System.String assemblyPath) [0x00084] in <c4b0cc57ec424a5a9b1c3b56141bb74a>:0 
  at UnityEditor.AssemblyValidation.CheckAssemblyReferences (System.String[] assemblyPaths, UnityEditor.AssemblyValidation+Error[] errors, Mono.Cecil.AssemblyDefinition[] assemblyDefinitions, System.Func`2[T,TResult] compatibleWithEditor) [0x00106] in <c4b0cc57ec424a5a9b1c3b56141bb74a>:0 
  at UnityEditor.AssemblyValidation.ValidateAssemblyDefinitions (System.String[] assemblyPaths, Mono.Cecil.AssemblyDefinition[] assemblyDefinitions, System.Func`2[T,TResult] compatibleWithEditor) [0x0000a] in <c4b0cc57ec424a5a9b1c3b56141bb74a>:0 
  at UnityEditor.AssemblyValidation.ValidateAssemblies (System.String[] assemblyPaths, System.Boolean enableLogging) [0x00054] in <c4b0cc57ec424a5a9b1c3b56141bb74a>:0 

- Loaded All Assemblies, in  2.947 seconds
Native extension for WindowsStandalone target not found
Native extension for iOS target not found
Native extension for Android target not found
Native extension for OSXStandalone target not found
Mono: successfully reloaded assembly
- Finished resetting the current domain, in 55.582 seconds
Domain Reload Profiling: 58529ms
	BeginReloadAssembly (156ms)
		ExecutionOrderSort (0ms)
		DisableScriptedObjects (5ms)
		BackupInstance (0ms)
		ReleaseScriptingObjects (0ms)
		CreateAndSetChildDomain (38ms)
	RebuildCommonClasses (34ms)
	RebuildNativeTypeToScriptingClass (12ms)
	initialDomainReloadingComplete (25ms)
	LoadAllAssembliesAndSetupDomain (2720ms)
		LoadAssemblies (2781ms)
		RebuildTransferFunctionScriptingTraits (0ms)
		AnalyzeDomain (22ms)
			TypeCache.Refresh (8ms)
				TypeCache.ScanAssembly (1ms)
			ScanForSourceGeneratedMonoScriptInfo (7ms)
			ResolveRequiredComponents (6ms)
	FinalizeReload (55583ms)
		ReleaseScriptCaches (0ms)
		RebuildScriptCaches (0ms)
		SetupLoadedEditorAssemblies (703ms)
			LogAssemblyErrors (0ms)
			InitializePlatformSupportModulesInManaged (94ms)
			SetLoadedEditorAssemblies (4ms)
			RefreshPlugins (0ms)
			BeforeProcessingInitializeOnLoad (68ms)
			ProcessInitializeOnLoadAttributes (507ms)
			ProcessInitializeOnLoadMethodAttributes (25ms)
			AfterProcessingInitializeOnLoad (4ms)
			EditorAssembliesLoaded (0ms)
		ExecutionOrderSort2 (0ms)
		AwakeInstancesAfterBackupRestoration (13ms)
Refreshing native plugins compatible for Editor in 21.82 ms, found 3 plugins.
Preloading 0 native plugins for Editor in 0.00 ms.
Unloading 3134 Unused Serialized files (Serialized files now loaded: 0)
Unloading 15 unused Assets / (29.0 KB). Loaded Objects now: 3625.
Memory consumption went from 119.7 MB to 119.7 MB.
Total: 4.359800 ms (FindLiveObjects: 0.493300 ms CreateObjectMapping: 0.338900 ms MarkObjects: 3.462900 ms  DeleteObjects: 0.063400 ms)

Prepare: number of updated asset objects reloaded= 0
AssetImportParameters requested are different than current active one (requested -> active):
  custom:container-demuxer-ogg: 62fdf1f143b41e24485cea50d1cbac27 -> 
  custom:video-codec-MediaFoundation-h265: 746d11721c4dcdbdad8f713fa42b33f4 -> 
  custom:video-decoder-ogg-theora: a1e56fd34408186e4bbccfd4996cb3dc -> 
  custom:framework-win-MediaFoundation: 216162199b28c13a410421893ffa2e32 -> 
  custom:CustomObjectIndexerAttribute: 9a22284fe3817be447336de3de66b15e -> 
  custom:container-demuxer-webm: 4f35f7cbe854078d1ac9338744f61a02 -> 
  custom:container-muxer-webm: aa71ff27fc2769a1b78a27578f13a17b -> 
  custom:video-decoder-webm-vp8: 9c59270c3fd7afecdb556c50c9e8de78 -> 
  custom:SearchIndexIgnoredProperties: e643bd26f0fe6173181afceb89e7c659 -> 
  custom:AudioImporter_EditorPlatform: d09bf68614088b80899f8185d706f6e7 -> 
  custom:video-encoder-webm-vp8: eb34c28f22e8b96e1ab97ce403110664 -> 
  custom:audio-decoder-ogg-vorbis: bf7c407c2cedff20999df2af8eb42d56 -> 
  custom:audio-encoder-webm-vorbis: bf7c407c2cedff20999df2af8eb42d56 -> 
========================================================================
Received Import Request.
  Time since last request: 1059.546587 seconds.
  path: Assets/Scripts/BasicWebSocketClient.cs
  artifactKey: Guid(a107906fe33aff44fb1c08172c064d5d) Importer(815301076,1909f56bfc062723c751e8b465ee728b)
Start importing Assets/Scripts/BasicWebSocketClient.cs using Guid(a107906fe33aff44fb1c08172c064d5d) Importer(815301076,1909f56bfc062723c751e8b465ee728b) [PhysX] Initialized MultithreadedTaskDispatcher with 12 workers.
 -> (artifact id: '7861362b374a3dbc9524587b369aca79') in 0.064231 seconds
Number of updated asset objects reloaded before import = 0
Number of asset objects unloaded after import = 0
========================================================================
Received Prepare
Caller must complete domain reload
Begin MonoManager ReloadAssembly
BadImageFormatException: Format of the executable (.exe) or library (.dll) is invalid.
  at Mono.Cecil.PE.ImageReader.ReadImage () [0x00026] in <a6860a9f6366437387ebdc1f225b7fd4>:0 
  at Mono.Cecil.PE.ImageReader.ReadImage (Mono.Disposable`1[T] stream, System.String file_name) [0x00007] in <a6860a9f6366437387ebdc1f225b7fd4>:0 
  at Mono.Cecil.ModuleDefinition.ReadModule (Mono.Disposable`1[T] stream, System.String fileName, Mono.Cecil.ReaderParameters parameters) [0x00006] in <a6860a9f6366437387ebdc1f225b7fd4>:0 
  at Mono.Cecil.ModuleDefinition.ReadModule (System.String fileName, Mono.Cecil.ReaderParameters parameters) [0x0006c] in <a6860a9f6366437387ebdc1f225b7fd4>:0 
  at Mono.Cecil.BaseAssemblyResolver.GetAssembly (System.String file, Mono.Cecil.ReaderParameters parameters) [0x0000f] in <a6860a9f6366437387ebdc1f225b7fd4>:0 
  at Mono.Cecil.BaseAssemblyResolver.GetAssemblyInMonoGac (Mono.Cecil.AssemblyNameReference reference, Mono.Cecil.ReaderParameters parameters) [0x00026] in <a6860a9f6366437387ebdc1f225b7fd4>:0 
  at Mono.Cecil.BaseAssemblyResolver.GetAssemblyInGac (Mono.Cecil.AssemblyNameReference reference, Mono.Cecil.ReaderParameters parameters) [0x0002d] in <a6860a9f6366437387ebdc1f225b7fd4>:0 
  at Mono.Cecil.BaseAssemblyResolver.Resolve (Mono.Cecil.AssemblyNameReference name, Mono.Cecil.ReaderParameters parameters) [0x000c7] in <a6860a9f6366437387ebdc1f225b7fd4>:0 
  at Mono.Cecil.BaseAssemblyResolver.Resolve (Mono.Cecil.AssemblyNameReference name) [0x00007] in <a6860a9f6366437387ebdc1f225b7fd4>:0 
  at UnityEditor.AssemblyValidation+AssemblyResolver.Resolve (Mono.Cecil.AssemblyNameReference name) [0x0002f] in <c4b0cc57ec424a5a9b1c3b56141bb74a>:0 
  at UnityEditor.AssemblyValidation.ResolveAndSetupReferences (System.Int32 index, UnityEditor.AssemblyValidation+Error[] errors, Mono.Cecil.AssemblyDefinition[] assemblyDefinitions, System.Collections.Generic.Dictionary`2[TKey,TValue] assemblyDefinitionNameToIndex, UnityEditor.AssemblyValidation+AssemblyAndReferences[] assemblyAndReferences, System.String assemblyPath) [0x00084] in <c4b0cc57ec424a5a9b1c3b56141bb74a>:0 
  at UnityEditor.AssemblyValidation.CheckAssemblyReferences (System.String[] assemblyPaths, UnityEditor.AssemblyValidation+Error[] errors, Mono.Cecil.AssemblyDefinition[] assemblyDefinitions, System.Func`2[T,TResult] compatibleWithEditor) [0x00106] in <c4b0cc57ec424a5a9b1c3b56141bb74a>:0 
  at UnityEditor.AssemblyValidation.ValidateAssemblyDefinitions (System.String[] assemblyPaths, Mono.Cecil.AssemblyDefinition[] assemblyDefinitions, System.Func`2[T,TResult] compatibleWithEditor) [0x0000a] in <c4b0cc57ec424a5a9b1c3b56141bb74a>:0 
  at UnityEditor.AssemblyValidation.ValidateAssemblies (System.String[] assemblyPaths, System.Boolean enableLogging) [0x00054] in <c4b0cc57ec424a5a9b1c3b56141bb74a>:0 

- Loaded All Assemblies, in  3.376 seconds
Native extension for WindowsStandalone target not found
Native extension for iOS target not found
Native extension for Android target not found
Native extension for OSXStandalone target not found
Mono: successfully reloaded assembly
- Finished resetting the current domain, in  8.320 seconds
Domain Reload Profiling: 11697ms
	BeginReloadAssembly (278ms)
		ExecutionOrderSort (0ms)
		DisableScriptedObjects (5ms)
		BackupInstance (0ms)
		ReleaseScriptingObjects (0ms)
		CreateAndSetChildDomain (47ms)
	RebuildCommonClasses (34ms)
	RebuildNativeTypeToScriptingClass (13ms)
	initialDomainReloadingComplete (26ms)
	LoadAllAssembliesAndSetupDomain (3026ms)
		LoadAssemblies (3165ms)
		RebuildTransferFunctionScriptingTraits (0ms)
		AnalyzeDomain (58ms)
			TypeCache.Refresh (19ms)
				TypeCache.ScanAssembly (1ms)
			ScanForSourceGeneratedMonoScriptInfo (16ms)
			ResolveRequiredComponents (16ms)
	FinalizeReload (8321ms)
		ReleaseScriptCaches (0ms)
		RebuildScriptCaches (0ms)
		SetupLoadedEditorAssemblies (973ms)
			LogAssemblyErrors (0ms)
			InitializePlatformSupportModulesInManaged (225ms)
			SetLoadedEditorAssemblies (4ms)
			RefreshPlugins (0ms)
			BeforeProcessingInitializeOnLoad (75ms)
			ProcessInitializeOnLoadAttributes (641ms)
			ProcessInitializeOnLoadMethodAttributes (24ms)
			AfterProcessingInitializeOnLoad (3ms)
			EditorAssembliesLoaded (0ms)
		ExecutionOrderSort2 (0ms)
		AwakeInstancesAfterBackupRestoration (13ms)
Refreshing native plugins compatible for Editor in 85.12 ms, found 3 plugins.
Preloading 0 native plugins for Editor in 0.00 ms.
Unloading 3133 Unused Serialized files (Serialized files now loaded: 0)
Unloading 15 unused Assets / (29.0 KB). Loaded Objects now: 3628.
Memory consumption went from 119.5 MB to 119.5 MB.
Total: 40.775300 ms (FindLiveObjects: 0.350100 ms CreateObjectMapping: 0.287600 ms MarkObjects: 40.087100 ms  DeleteObjects: 0.049700 ms)

Prepare: number of updated asset objects reloaded= 0
AssetImportParameters requested are different than current active one (requested -> active):
  custom:container-demuxer-ogg: 62fdf1f143b41e24485cea50d1cbac27 -> 
  custom:video-codec-MediaFoundation-h265: 746d11721c4dcdbdad8f713fa42b33f4 -> 
  custom:video-decoder-ogg-theora: a1e56fd34408186e4bbccfd4996cb3dc -> 
  custom:framework-win-MediaFoundation: 216162199b28c13a410421893ffa2e32 -> 
  custom:CustomObjectIndexerAttribute: 9a22284fe3817be447336de3de66b15e -> 
  custom:container-demuxer-webm: 4f35f7cbe854078d1ac9338744f61a02 -> 
  custom:container-muxer-webm: aa71ff27fc2769a1b78a27578f13a17b -> 
  custom:video-decoder-webm-vp8: 9c59270c3fd7afecdb556c50c9e8de78 -> 
  custom:SearchIndexIgnoredProperties: e643bd26f0fe6173181afceb89e7c659 -> 
  custom:AudioImporter_EditorPlatform: d09bf68614088b80899f8185d706f6e7 -> 
  custom:video-encoder-webm-vp8: eb34c28f22e8b96e1ab97ce403110664 -> 
  custom:audio-decoder-ogg-vorbis: bf7c407c2cedff20999df2af8eb42d56 -> 
  custom:audio-encoder-webm-vorbis: bf7c407c2cedff20999df2af8eb42d56 -> 
========================================================================
Received Prepare
Caller must complete domain reload
Begin MonoManager ReloadAssembly
BadImageFormatException: Format of the executable (.exe) or library (.dll) is invalid.
  at Mono.Cecil.PE.ImageReader.ReadImage () [0x00026] in <a6860a9f6366437387ebdc1f225b7fd4>:0 
  at Mono.Cecil.PE.ImageReader.ReadImage (Mono.Disposable`1[T] stream, System.String file_name) [0x00007] in <a6860a9f6366437387ebdc1f225b7fd4>:0 
  at Mono.Cecil.ModuleDefinition.ReadModule (Mono.Disposable`1[T] stream, System.String fileName, Mono.Cecil.ReaderParameters parameters) [0x00006] in <a6860a9f6366437387ebdc1f225b7fd4>:0 
  at Mono.Cecil.ModuleDefinition.ReadModule (System.String fileName, Mono.Cecil.ReaderParameters parameters) [0x0006c] in <a6860a9f6366437387ebdc1f225b7fd4>:0 
  at Mono.Cecil.BaseAssemblyResolver.GetAssembly (System.String file, Mono.Cecil.ReaderParameters parameters) [0x0000f] in <a6860a9f6366437387ebdc1f225b7fd4>:0 
  at Mono.Cecil.BaseAssemblyResolver.GetAssemblyInMonoGac (Mono.Cecil.AssemblyNameReference reference, Mono.Cecil.ReaderParameters parameters) [0x00026] in <a6860a9f6366437387ebdc1f225b7fd4>:0 
  at Mono.Cecil.BaseAssemblyResolver.GetAssemblyInGac (Mono.Cecil.AssemblyNameReference reference, Mono.Cecil.ReaderParameters parameters) [0x0002d] in <a6860a9f6366437387ebdc1f225b7fd4>:0 
  at Mono.Cecil.BaseAssemblyResolver.Resolve (Mono.Cecil.AssemblyNameReference name, Mono.Cecil.ReaderParameters parameters) [0x000c7] in <a6860a9f6366437387ebdc1f225b7fd4>:0 
  at Mono.Cecil.BaseAssemblyResolver.Resolve (Mono.Cecil.AssemblyNameReference name) [0x00007] in <a6860a9f6366437387ebdc1f225b7fd4>:0 
  at UnityEditor.AssemblyValidation+AssemblyResolver.Resolve (Mono.Cecil.AssemblyNameReference name) [0x0002f] in <c4b0cc57ec424a5a9b1c3b56141bb74a>:0 
  at UnityEditor.AssemblyValidation.ResolveAndSetupReferences (System.Int32 index, UnityEditor.AssemblyValidation+Error[] errors, Mono.Cecil.AssemblyDefinition[] assemblyDefinitions, System.Collections.Generic.Dictionary`2[TKey,TValue] assemblyDefinitionNameToIndex, UnityEditor.AssemblyValidation+AssemblyAndReferences[] assemblyAndReferences, System.String assemblyPath) [0x00084] in <c4b0cc57ec424a5a9b1c3b56141bb74a>:0 
  at UnityEditor.AssemblyValidation.CheckAssemblyReferences (System.String[] assemblyPaths, UnityEditor.AssemblyValidation+Error[] errors, Mono.Cecil.AssemblyDefinition[] assemblyDefinitions, System.Func`2[T,TResult] compatibleWithEditor) [0x00106] in <c4b0cc57ec424a5a9b1c3b56141bb74a>:0 
  at UnityEditor.AssemblyValidation.ValidateAssemblyDefinitions (System.String[] assemblyPaths, Mono.Cecil.AssemblyDefinition[] assemblyDefinitions, System.Func`2[T,TResult] compatibleWithEditor) [0x0000a] in <c4b0cc57ec424a5a9b1c3b56141bb74a>:0 
  at UnityEditor.AssemblyValidation.ValidateAssemblies (System.String[] assemblyPaths, System.Boolean enableLogging) [0x00054] in <c4b0cc57ec424a5a9b1c3b56141bb74a>:0 

- Loaded All Assemblies, in  1.220 seconds
Native extension for WindowsStandalone target not found
Native extension for iOS target not found
Native extension for Android target not found
Native extension for OSXStandalone target not found
Mono: successfully reloaded assembly
- Finished resetting the current domain, in  3.842 seconds
Domain Reload Profiling: 5062ms
	BeginReloadAssembly (219ms)
		ExecutionOrderSort (0ms)
		DisableScriptedObjects (5ms)
		BackupInstance (0ms)
		ReleaseScriptingObjects (0ms)
		CreateAndSetChildDomain (62ms)
	RebuildCommonClasses (36ms)
	RebuildNativeTypeToScriptingClass (18ms)
	initialDomainReloadingComplete (31ms)
	LoadAllAssembliesAndSetupDomain (915ms)
		LoadAssemblies (1008ms)
		RebuildTransferFunctionScriptingTraits (0ms)
		AnalyzeDomain (28ms)
			TypeCache.Refresh (11ms)
				TypeCache.ScanAssembly (1ms)
			ScanForSourceGeneratedMonoScriptInfo (8ms)
			ResolveRequiredComponents (7ms)
	FinalizeReload (3843ms)
		ReleaseScriptCaches (0ms)
		RebuildScriptCaches (0ms)
		SetupLoadedEditorAssemblies (463ms)
			LogAssemblyErrors (0ms)
			InitializePlatformSupportModulesInManaged (29ms)
			SetLoadedEditorAssemblies (3ms)
			RefreshPlugins (0ms)
			BeforeProcessingInitializeOnLoad (53ms)
			ProcessInitializeOnLoadAttributes (355ms)
			ProcessInitializeOnLoadMethodAttributes (19ms)
			AfterProcessingInitializeOnLoad (3ms)
			EditorAssembliesLoaded (0ms)
		ExecutionOrderSort2 (0ms)
		AwakeInstancesAfterBackupRestoration (10ms)
Refreshing native plugins compatible for Editor in 2.25 ms, found 3 plugins.
Preloading 0 native plugins for Editor in 0.00 ms.
Unloading 3134 Unused Serialized files (Serialized files now loaded: 0)
Unloading 15 unused Assets / (29.0 KB). Loaded Objects now: 3631.
Memory consumption went from 119.7 MB to 119.7 MB.
Total: 29.931100 ms (FindLiveObjects: 0.267600 ms CreateObjectMapping: 0.227100 ms MarkObjects: 29.390100 ms  DeleteObjects: 0.045300 ms)

Prepare: number of updated asset objects reloaded= 0
AssetImportParameters requested are different than current active one (requested -> active):
  custom:container-demuxer-ogg: 62fdf1f143b41e24485cea50d1cbac27 -> 
  custom:video-codec-MediaFoundation-h265: 746d11721c4dcdbdad8f713fa42b33f4 -> 
  custom:video-decoder-ogg-theora: a1e56fd34408186e4bbccfd4996cb3dc -> 
  custom:framework-win-MediaFoundation: 216162199b28c13a410421893ffa2e32 -> 
  custom:CustomObjectIndexerAttribute: 9a22284fe3817be447336de3de66b15e -> 
  custom:container-demuxer-webm: 4f35f7cbe854078d1ac9338744f61a02 -> 
  custom:container-muxer-webm: aa71ff27fc2769a1b78a27578f13a17b -> 
  custom:video-decoder-webm-vp8: 9c59270c3fd7afecdb556c50c9e8de78 -> 
  custom:SearchIndexIgnoredProperties: e643bd26f0fe6173181afceb89e7c659 -> 
  custom:AudioImporter_EditorPlatform: d09bf68614088b80899f8185d706f6e7 -> 
  custom:video-encoder-webm-vp8: eb34c28f22e8b96e1ab97ce403110664 -> 
  custom:audio-decoder-ogg-vorbis: bf7c407c2cedff20999df2af8eb42d56 -> 
  custom:audio-encoder-webm-vorbis: bf7c407c2cedff20999df2af8eb42d56 -> 
========================================================================
Received Prepare
Caller must complete domain reload
Begin MonoManager ReloadAssembly
BadImageFormatException: Format of the executable (.exe) or library (.dll) is invalid.
  at Mono.Cecil.PE.ImageReader.ReadImage () [0x00026] in <a6860a9f6366437387ebdc1f225b7fd4>:0 
  at Mono.Cecil.PE.ImageReader.ReadImage (Mono.Disposable`1[T] stream, System.String file_name) [0x00007] in <a6860a9f6366437387ebdc1f225b7fd4>:0 
  at Mono.Cecil.ModuleDefinition.ReadModule (Mono.Disposable`1[T] stream, System.String fileName, Mono.Cecil.ReaderParameters parameters) [0x00006] in <a6860a9f6366437387ebdc1f225b7fd4>:0 
  at Mono.Cecil.ModuleDefinition.ReadModule (System.String fileName, Mono.Cecil.ReaderParameters parameters) [0x0006c] in <a6860a9f6366437387ebdc1f225b7fd4>:0 
  at Mono.Cecil.BaseAssemblyResolver.GetAssembly (System.String file, Mono.Cecil.ReaderParameters parameters) [0x0000f] in <a6860a9f6366437387ebdc1f225b7fd4>:0 
  at Mono.Cecil.BaseAssemblyResolver.GetAssemblyInMonoGac (Mono.Cecil.AssemblyNameReference reference, Mono.Cecil.ReaderParameters parameters) [0x00026] in <a6860a9f6366437387ebdc1f225b7fd4>:0 
  at Mono.Cecil.BaseAssemblyResolver.GetAssemblyInGac (Mono.Cecil.AssemblyNameReference reference, Mono.Cecil.ReaderParameters parameters) [0x0002d] in <a6860a9f6366437387ebdc1f225b7fd4>:0 
  at Mono.Cecil.BaseAssemblyResolver.Resolve (Mono.Cecil.AssemblyNameReference name, Mono.Cecil.ReaderParameters parameters) [0x000c7] in <a6860a9f6366437387ebdc1f225b7fd4>:0 
  at Mono.Cecil.BaseAssemblyResolver.Resolve (Mono.Cecil.AssemblyNameReference name) [0x00007] in <a6860a9f6366437387ebdc1f225b7fd4>:0 
  at UnityEditor.AssemblyValidation+AssemblyResolver.Resolve (Mono.Cecil.AssemblyNameReference name) [0x0002f] in <c4b0cc57ec424a5a9b1c3b56141bb74a>:0 
  at UnityEditor.AssemblyValidation.ResolveAndSetupReferences (System.Int32 index, UnityEditor.AssemblyValidation+Error[] errors, Mono.Cecil.AssemblyDefinition[] assemblyDefinitions, System.Collections.Generic.Dictionary`2[TKey,TValue] assemblyDefinitionNameToIndex, UnityEditor.AssemblyValidation+AssemblyAndReferences[] assemblyAndReferences, System.String assemblyPath) [0x00084] in <c4b0cc57ec424a5a9b1c3b56141bb74a>:0 
  at UnityEditor.AssemblyValidation.CheckAssemblyReferences (System.String[] assemblyPaths, UnityEditor.AssemblyValidation+Error[] errors, Mono.Cecil.AssemblyDefinition[] assemblyDefinitions, System.Func`2[T,TResult] compatibleWithEditor) [0x00106] in <c4b0cc57ec424a5a9b1c3b56141bb74a>:0 
  at UnityEditor.AssemblyValidation.ValidateAssemblyDefinitions (System.String[] assemblyPaths, Mono.Cecil.AssemblyDefinition[] assemblyDefinitions, System.Func`2[T,TResult] compatibleWithEditor) [0x0000a] in <c4b0cc57ec424a5a9b1c3b56141bb74a>:0 
  at UnityEditor.AssemblyValidation.ValidateAssemblies (System.String[] assemblyPaths, System.Boolean enableLogging) [0x00054] in <c4b0cc57ec424a5a9b1c3b56141bb74a>:0 

- Loaded All Assemblies, in  2.064 seconds
Native extension for WindowsStandalone target not found
Native extension for iOS target not found
Native extension for Android target not found
Native extension for OSXStandalone target not found
Mono: successfully reloaded assembly
- Finished resetting the current domain, in  6.163 seconds
Domain Reload Profiling: 8227ms
	BeginReloadAssembly (240ms)
		ExecutionOrderSort (0ms)
		DisableScriptedObjects (8ms)
		BackupInstance (0ms)
		ReleaseScriptingObjects (0ms)
		CreateAndSetChildDomain (71ms)
	RebuildCommonClasses (39ms)
	RebuildNativeTypeToScriptingClass (12ms)
	initialDomainReloadingComplete (32ms)
	LoadAllAssembliesAndSetupDomain (1741ms)
		LoadAssemblies (1832ms)
		RebuildTransferFunctionScriptingTraits (0ms)
		AnalyzeDomain (28ms)
			TypeCache.Refresh (11ms)
				TypeCache.ScanAssembly (1ms)
			ScanForSourceGeneratedMonoScriptInfo (9ms)
			ResolveRequiredComponents (7ms)
	FinalizeReload (6163ms)
		ReleaseScriptCaches (0ms)
		RebuildScriptCaches (0ms)
		SetupLoadedEditorAssemblies (541ms)
			LogAssemblyErrors (0ms)
			InitializePlatformSupportModulesInManaged (32ms)
			SetLoadedEditorAssemblies (3ms)
			RefreshPlugins (0ms)
			BeforeProcessingInitializeOnLoad (61ms)
			ProcessInitializeOnLoadAttributes (420ms)
			ProcessInitializeOnLoadMethodAttributes (22ms)
			AfterProcessingInitializeOnLoad (3ms)
			EditorAssembliesLoaded (0ms)
		ExecutionOrderSort2 (0ms)
		AwakeInstancesAfterBackupRestoration (12ms)
Refreshing native plugins compatible for Editor in 2.68 ms, found 3 plugins.
Preloading 0 native plugins for Editor in 0.00 ms.
Unloading 3134 Unused Serialized files (Serialized files now loaded: 0)
Unloading 15 unused Assets / (29.0 KB). Loaded Objects now: 3634.
Memory consumption went from 119.8 MB to 119.7 MB.
Total: 7.966600 ms (FindLiveObjects: 0.315100 ms CreateObjectMapping: 0.226000 ms MarkObjects: 7.348600 ms  DeleteObjects: 0.075800 ms)

Prepare: number of updated asset objects reloaded= 0
AssetImportParameters requested are different than current active one (requested -> active):
  custom:container-demuxer-ogg: 62fdf1f143b41e24485cea50d1cbac27 -> 
  custom:video-codec-MediaFoundation-h265: 746d11721c4dcdbdad8f713fa42b33f4 -> 
  custom:video-decoder-ogg-theora: a1e56fd34408186e4bbccfd4996cb3dc -> 
  custom:framework-win-MediaFoundation: 216162199b28c13a410421893ffa2e32 -> 
  custom:CustomObjectIndexerAttribute: 9a22284fe3817be447336de3de66b15e -> 
  custom:container-demuxer-webm: 4f35f7cbe854078d1ac9338744f61a02 -> 
  custom:container-muxer-webm: aa71ff27fc2769a1b78a27578f13a17b -> 
  custom:video-decoder-webm-vp8: 9c59270c3fd7afecdb556c50c9e8de78 -> 
  custom:SearchIndexIgnoredProperties: e643bd26f0fe6173181afceb89e7c659 -> 
  custom:AudioImporter_EditorPlatform: d09bf68614088b80899f8185d706f6e7 -> 
  custom:video-encoder-webm-vp8: eb34c28f22e8b96e1ab97ce403110664 -> 
  custom:audio-decoder-ogg-vorbis: bf7c407c2cedff20999df2af8eb42d56 -> 
  custom:audio-encoder-webm-vorbis: bf7c407c2cedff20999df2af8eb42d56 -> 
========================================================================
Received Import Request.
  Time since last request: 2679.862798 seconds.
  path: Assets/Scripts/BasicWebSocketServer.cs
  artifactKey: Guid(b6f2cd2a978fecf4d8380d1244430bd1) Importer(815301076,1909f56bfc062723c751e8b465ee728b)
Start importing Assets/Scripts/BasicWebSocketServer.cs using Guid(b6f2cd2a978fecf4d8380d1244430bd1) Importer(815301076,1909f56bfc062723c751e8b465ee728b) [PhysX] Initialized MultithreadedTaskDispatcher with 12 workers.
 -> (artifact id: 'c838de5308d5e4abc75efd99eba1aae6') in 0.132597 seconds
Number of updated asset objects reloaded before import = 0
Number of asset objects unloaded after import = 0
========================================================================
Received Prepare
Caller must complete domain reload
Begin MonoManager ReloadAssembly
BadImageFormatException: Format of the executable (.exe) or library (.dll) is invalid.
  at Mono.Cecil.PE.ImageReader.ReadImage () [0x00026] in <a6860a9f6366437387ebdc1f225b7fd4>:0 
  at Mono.Cecil.PE.ImageReader.ReadImage (Mono.Disposable`1[T] stream, System.String file_name) [0x00007] in <a6860a9f6366437387ebdc1f225b7fd4>:0 
  at Mono.Cecil.ModuleDefinition.ReadModule (Mono.Disposable`1[T] stream, System.String fileName, Mono.Cecil.ReaderParameters parameters) [0x00006] in <a6860a9f6366437387ebdc1f225b7fd4>:0 
  at Mono.Cecil.ModuleDefinition.ReadModule (System.String fileName, Mono.Cecil.ReaderParameters parameters) [0x0006c] in <a6860a9f6366437387ebdc1f225b7fd4>:0 
  at Mono.Cecil.BaseAssemblyResolver.GetAssembly (System.String file, Mono.Cecil.ReaderParameters parameters) [0x0000f] in <a6860a9f6366437387ebdc1f225b7fd4>:0 
  at Mono.Cecil.BaseAssemblyResolver.GetAssemblyInMonoGac (Mono.Cecil.AssemblyNameReference reference, Mono.Cecil.ReaderParameters parameters) [0x00026] in <a6860a9f6366437387ebdc1f225b7fd4>:0 
  at Mono.Cecil.BaseAssemblyResolver.GetAssemblyInGac (Mono.Cecil.AssemblyNameReference reference, Mono.Cecil.ReaderParameters parameters) [0x0002d] in <a6860a9f6366437387ebdc1f225b7fd4>:0 
  at Mono.Cecil.BaseAssemblyResolver.Resolve (Mono.Cecil.AssemblyNameReference name, Mono.Cecil.ReaderParameters parameters) [0x000c7] in <a6860a9f6366437387ebdc1f225b7fd4>:0 
  at Mono.Cecil.BaseAssemblyResolver.Resolve (Mono.Cecil.AssemblyNameReference name) [0x00007] in <a6860a9f6366437387ebdc1f225b7fd4>:0 
  at UnityEditor.AssemblyValidation+AssemblyResolver.Resolve (Mono.Cecil.AssemblyNameReference name) [0x0002f] in <c4b0cc57ec424a5a9b1c3b56141bb74a>:0 
  at UnityEditor.AssemblyValidation.ResolveAndSetupReferences (System.Int32 index, UnityEditor.AssemblyValidation+Error[] errors, Mono.Cecil.AssemblyDefinition[] assemblyDefinitions, System.Collections.Generic.Dictionary`2[TKey,TValue] assemblyDefinitionNameToIndex, UnityEditor.AssemblyValidation+AssemblyAndReferences[] assemblyAndReferences, System.String assemblyPath) [0x00084] in <c4b0cc57ec424a5a9b1c3b56141bb74a>:0 
  at UnityEditor.AssemblyValidation.CheckAssemblyReferences (System.String[] assemblyPaths, UnityEditor.AssemblyValidation+Error[] errors, Mono.Cecil.AssemblyDefinition[] assemblyDefinitions, System.Func`2[T,TResult] compatibleWithEditor) [0x00106] in <c4b0cc57ec424a5a9b1c3b56141bb74a>:0 
  at UnityEditor.AssemblyValidation.ValidateAssemblyDefinitions (System.String[] assemblyPaths, Mono.Cecil.AssemblyDefinition[] assemblyDefinitions, System.Func`2[T,TResult] compatibleWithEditor) [0x0000a] in <c4b0cc57ec424a5a9b1c3b56141bb74a>:0 
  at UnityEditor.AssemblyValidation.ValidateAssemblies (System.String[] assemblyPaths, System.Boolean enableLogging) [0x00054] in <c4b0cc57ec424a5a9b1c3b56141bb74a>:0 

- Loaded All Assemblies, in  0.738 seconds
Native extension for WindowsStandalone target not found
Native extension for iOS target not found
Native extension for Android target not found
Native extension for OSXStandalone target not found
Mono: successfully reloaded assembly
- Finished resetting the current domain, in  0.877 seconds
Domain Reload Profiling: 1615ms
	BeginReloadAssembly (438ms)
		ExecutionOrderSort (0ms)
		DisableScriptedObjects (8ms)
		BackupInstance (0ms)
		ReleaseScriptingObjects (0ms)
		CreateAndSetChildDomain (292ms)
	RebuildCommonClasses (34ms)
	RebuildNativeTypeToScriptingClass (13ms)
	initialDomainReloadingComplete (26ms)
	LoadAllAssembliesAndSetupDomain (227ms)
		LoadAssemblies (322ms)
		RebuildTransferFunctionScriptingTraits (0ms)
		AnalyzeDomain (13ms)
			TypeCache.Refresh (5ms)
				TypeCache.ScanAssembly (0ms)
			ScanForSourceGeneratedMonoScriptInfo (0ms)
			ResolveRequiredComponents (6ms)
	FinalizeReload (878ms)
		ReleaseScriptCaches (0ms)
		RebuildScriptCaches (0ms)
		SetupLoadedEditorAssemblies (483ms)
			LogAssemblyErrors (0ms)
			InitializePlatformSupportModulesInManaged (29ms)
			SetLoadedEditorAssemblies (3ms)
			RefreshPlugins (0ms)
			BeforeProcessingInitializeOnLoad (60ms)
			ProcessInitializeOnLoadAttributes (363ms)
			ProcessInitializeOnLoadMethodAttributes (23ms)
			AfterProcessingInitializeOnLoad (4ms)
			EditorAssembliesLoaded (0ms)
		ExecutionOrderSort2 (0ms)
		AwakeInstancesAfterBackupRestoration (11ms)
Refreshing native plugins compatible for Editor in 3.97 ms, found 3 plugins.
Preloading 0 native plugins for Editor in 0.00 ms.
Unloading 3133 Unused Serialized files (Serialized files now loaded: 0)
Unloading 15 unused Assets / (29.0 KB). Loaded Objects now: 3637.
Memory consumption went from 119.5 MB to 119.5 MB.
Total: 4.318600 ms (FindLiveObjects: 0.302500 ms CreateObjectMapping: 0.218100 ms MarkObjects: 3.735800 ms  DeleteObjects: 0.061000 ms)

Prepare: number of updated asset objects reloaded= 0
AssetImportParameters requested are different than current active one (requested -> active):
  custom:container-demuxer-ogg: 62fdf1f143b41e24485cea50d1cbac27 -> 
  custom:video-codec-MediaFoundation-h265: 746d11721c4dcdbdad8f713fa42b33f4 -> 
  custom:video-decoder-ogg-theora: a1e56fd34408186e4bbccfd4996cb3dc -> 
  custom:framework-win-MediaFoundation: 216162199b28c13a410421893ffa2e32 -> 
  custom:CustomObjectIndexerAttribute: 9a22284fe3817be447336de3de66b15e -> 
  custom:container-demuxer-webm: 4f35f7cbe854078d1ac9338744f61a02 -> 
  custom:container-muxer-webm: aa71ff27fc2769a1b78a27578f13a17b -> 
  custom:video-decoder-webm-vp8: 9c59270c3fd7afecdb556c50c9e8de78 -> 
  custom:SearchIndexIgnoredProperties: e643bd26f0fe6173181afceb89e7c659 -> 
  custom:AudioImporter_EditorPlatform: d09bf68614088b80899f8185d706f6e7 -> 
  custom:video-encoder-webm-vp8: eb34c28f22e8b96e1ab97ce403110664 -> 
  custom:audio-decoder-ogg-vorbis: bf7c407c2cedff20999df2af8eb42d56 -> 
  custom:audio-encoder-webm-vorbis: bf7c407c2cedff20999df2af8eb42d56 -> 
========================================================================
Received Prepare
Caller must complete domain reload
Begin MonoManager ReloadAssembly
BadImageFormatException: Format of the executable (.exe) or library (.dll) is invalid.
  at Mono.Cecil.PE.ImageReader.ReadImage () [0x00026] in <a6860a9f6366437387ebdc1f225b7fd4>:0 
  at Mono.Cecil.PE.ImageReader.ReadImage (Mono.Disposable`1[T] stream, System.String file_name) [0x00007] in <a6860a9f6366437387ebdc1f225b7fd4>:0 
  at Mono.Cecil.ModuleDefinition.ReadModule (Mono.Disposable`1[T] stream, System.String fileName, Mono.Cecil.ReaderParameters parameters) [0x00006] in <a6860a9f6366437387ebdc1f225b7fd4>:0 
  at Mono.Cecil.ModuleDefinition.ReadModule (System.String fileName, Mono.Cecil.ReaderParameters parameters) [0x0006c] in <a6860a9f6366437387ebdc1f225b7fd4>:0 
  at Mono.Cecil.BaseAssemblyResolver.GetAssembly (System.String file, Mono.Cecil.ReaderParameters parameters) [0x0000f] in <a6860a9f6366437387ebdc1f225b7fd4>:0 
  at Mono.Cecil.BaseAssemblyResolver.GetAssemblyInMonoGac (Mono.Cecil.AssemblyNameReference reference, Mono.Cecil.ReaderParameters parameters) [0x00026] in <a6860a9f6366437387ebdc1f225b7fd4>:0 
  at Mono.Cecil.BaseAssemblyResolver.GetAssemblyInGac (Mono.Cecil.AssemblyNameReference reference, Mono.Cecil.ReaderParameters parameters) [0x0002d] in <a6860a9f6366437387ebdc1f225b7fd4>:0 
  at Mono.Cecil.BaseAssemblyResolver.Resolve (Mono.Cecil.AssemblyNameReference name, Mono.Cecil.ReaderParameters parameters) [0x000c7] in <a6860a9f6366437387ebdc1f225b7fd4>:0 
  at Mono.Cecil.BaseAssemblyResolver.Resolve (Mono.Cecil.AssemblyNameReference name) [0x00007] in <a6860a9f6366437387ebdc1f225b7fd4>:0 
  at UnityEditor.AssemblyValidation+AssemblyResolver.Resolve (Mono.Cecil.AssemblyNameReference name) [0x0002f] in <c4b0cc57ec424a5a9b1c3b56141bb74a>:0 
  at UnityEditor.AssemblyValidation.ResolveAndSetupReferences (System.Int32 index, UnityEditor.AssemblyValidation+Error[] errors, Mono.Cecil.AssemblyDefinition[] assemblyDefinitions, System.Collections.Generic.Dictionary`2[TKey,TValue] assemblyDefinitionNameToIndex, UnityEditor.AssemblyValidation+AssemblyAndReferences[] assemblyAndReferences, System.String assemblyPath) [0x00084] in <c4b0cc57ec424a5a9b1c3b56141bb74a>:0 
  at UnityEditor.AssemblyValidation.CheckAssemblyReferences (System.String[] assemblyPaths, UnityEditor.AssemblyValidation+Error[] errors, Mono.Cecil.AssemblyDefinition[] assemblyDefinitions, System.Func`2[T,TResult] compatibleWithEditor) [0x00106] in <c4b0cc57ec424a5a9b1c3b56141bb74a>:0 
  at UnityEditor.AssemblyValidation.ValidateAssemblyDefinitions (System.String[] assemblyPaths, Mono.Cecil.AssemblyDefinition[] assemblyDefinitions, System.Func`2[T,TResult] compatibleWithEditor) [0x0000a] in <c4b0cc57ec424a5a9b1c3b56141bb74a>:0 
  at UnityEditor.AssemblyValidation.ValidateAssemblies (System.String[] assemblyPaths, System.Boolean enableLogging) [0x00054] in <c4b0cc57ec424a5a9b1c3b56141bb74a>:0 

- Loaded All Assemblies, in  0.559 seconds
Native extension for WindowsStandalone target not found
Native extension for iOS target not found
Native extension for Android target not found
Native extension for OSXStandalone target not found
Mono: successfully reloaded assembly
- Finished resetting the current domain, in  1.269 seconds
Domain Reload Profiling: 1827ms
	BeginReloadAssembly (167ms)
		ExecutionOrderSort (0ms)
		DisableScriptedObjects (6ms)
		BackupInstance (0ms)
		ReleaseScriptingObjects (0ms)
		CreateAndSetChildDomain (35ms)
	RebuildCommonClasses (57ms)
	RebuildNativeTypeToScriptingClass (15ms)
	initialDomainReloadingComplete (29ms)
	LoadAllAssembliesAndSetupDomain (291ms)
		LoadAssemblies (353ms)
		RebuildTransferFunctionScriptingTraits (0ms)
		AnalyzeDomain (33ms)
			TypeCache.Refresh (14ms)
				TypeCache.ScanAssembly (2ms)
			ScanForSourceGeneratedMonoScriptInfo (10ms)
			ResolveRequiredComponents (8ms)
	FinalizeReload (1269ms)
		ReleaseScriptCaches (0ms)
		RebuildScriptCaches (0ms)
		SetupLoadedEditorAssemblies (655ms)
			LogAssemblyErrors (0ms)
			InitializePlatformSupportModulesInManaged (37ms)
			SetLoadedEditorAssemblies (4ms)
			RefreshPlugins (0ms)
			BeforeProcessingInitializeOnLoad (152ms)
			ProcessInitializeOnLoadAttributes (437ms)
			ProcessInitializeOnLoadMethodAttributes (22ms)
			AfterProcessingInitializeOnLoad (4ms)
			EditorAssembliesLoaded (0ms)
		ExecutionOrderSort2 (0ms)
		AwakeInstancesAfterBackupRestoration (11ms)
Refreshing native plugins compatible for Editor in 14.28 ms, found 3 plugins.
Preloading 0 native plugins for Editor in 0.00 ms.
Unloading 3134 Unused Serialized files (Serialized files now loaded: 0)
Unloading 15 unused Assets / (29.0 KB). Loaded Objects now: 3640.
Memory consumption went from 119.8 MB to 119.7 MB.
Total: 4.879100 ms (FindLiveObjects: 0.324000 ms CreateObjectMapping: 0.282500 ms MarkObjects: 4.215800 ms  DeleteObjects: 0.055500 ms)

Prepare: number of updated asset objects reloaded= 0
AssetImportParameters requested are different than current active one (requested -> active):
  custom:container-demuxer-ogg: 62fdf1f143b41e24485cea50d1cbac27 -> 
  custom:video-codec-MediaFoundation-h265: 746d11721c4dcdbdad8f713fa42b33f4 -> 
  custom:video-decoder-ogg-theora: a1e56fd34408186e4bbccfd4996cb3dc -> 
  custom:framework-win-MediaFoundation: 216162199b28c13a410421893ffa2e32 -> 
  custom:CustomObjectIndexerAttribute: 9a22284fe3817be447336de3de66b15e -> 
  custom:container-demuxer-webm: 4f35f7cbe854078d1ac9338744f61a02 -> 
  custom:container-muxer-webm: aa71ff27fc2769a1b78a27578f13a17b -> 
  custom:video-decoder-webm-vp8: 9c59270c3fd7afecdb556c50c9e8de78 -> 
  custom:SearchIndexIgnoredProperties: e643bd26f0fe6173181afceb89e7c659 -> 
  custom:AudioImporter_EditorPlatform: d09bf68614088b80899f8185d706f6e7 -> 
  custom:video-encoder-webm-vp8: eb34c28f22e8b96e1ab97ce403110664 -> 
  custom:audio-decoder-ogg-vorbis: bf7c407c2cedff20999df2af8eb42d56 -> 
  custom:audio-encoder-webm-vorbis: bf7c407c2cedff20999df2af8eb42d56 -> 
========================================================================
Received Prepare
Caller must complete domain reload
Begin MonoManager ReloadAssembly
BadImageFormatException: Format of the executable (.exe) or library (.dll) is invalid.
  at Mono.Cecil.PE.ImageReader.ReadImage () [0x00026] in <a6860a9f6366437387ebdc1f225b7fd4>:0 
  at Mono.Cecil.PE.ImageReader.ReadImage (Mono.Disposable`1[T] stream, System.String file_name) [0x00007] in <a6860a9f6366437387ebdc1f225b7fd4>:0 
  at Mono.Cecil.ModuleDefinition.ReadModule (Mono.Disposable`1[T] stream, System.String fileName, Mono.Cecil.ReaderParameters parameters) [0x00006] in <a6860a9f6366437387ebdc1f225b7fd4>:0 
  at Mono.Cecil.ModuleDefinition.ReadModule (System.String fileName, Mono.Cecil.ReaderParameters parameters) [0x0006c] in <a6860a9f6366437387ebdc1f225b7fd4>:0 
  at Mono.Cecil.BaseAssemblyResolver.GetAssembly (System.String file, Mono.Cecil.ReaderParameters parameters) [0x0000f] in <a6860a9f6366437387ebdc1f225b7fd4>:0 
  at Mono.Cecil.BaseAssemblyResolver.GetAssemblyInMonoGac (Mono.Cecil.AssemblyNameReference reference, Mono.Cecil.ReaderParameters parameters) [0x00026] in <a6860a9f6366437387ebdc1f225b7fd4>:0 
  at Mono.Cecil.BaseAssemblyResolver.GetAssemblyInGac (Mono.Cecil.AssemblyNameReference reference, Mono.Cecil.ReaderParameters parameters) [0x0002d] in <a6860a9f6366437387ebdc1f225b7fd4>:0 
  at Mono.Cecil.BaseAssemblyResolver.Resolve (Mono.Cecil.AssemblyNameReference name, Mono.Cecil.ReaderParameters parameters) [0x000c7] in <a6860a9f6366437387ebdc1f225b7fd4>:0 
  at Mono.Cecil.BaseAssemblyResolver.Resolve (Mono.Cecil.AssemblyNameReference name) [0x00007] in <a6860a9f6366437387ebdc1f225b7fd4>:0 
  at UnityEditor.AssemblyValidation+AssemblyResolver.Resolve (Mono.Cecil.AssemblyNameReference name) [0x0002f] in <c4b0cc57ec424a5a9b1c3b56141bb74a>:0 
  at UnityEditor.AssemblyValidation.ResolveAndSetupReferences (System.Int32 index, UnityEditor.AssemblyValidation+Error[] errors, Mono.Cecil.AssemblyDefinition[] assemblyDefinitions, System.Collections.Generic.Dictionary`2[TKey,TValue] assemblyDefinitionNameToIndex, UnityEditor.AssemblyValidation+AssemblyAndReferences[] assemblyAndReferences, System.String assemblyPath) [0x00084] in <c4b0cc57ec424a5a9b1c3b56141bb74a>:0 
  at UnityEditor.AssemblyValidation.CheckAssemblyReferences (System.String[] assemblyPaths, UnityEditor.AssemblyValidation+Error[] errors, Mono.Cecil.AssemblyDefinition[] assemblyDefinitions, System.Func`2[T,TResult] compatibleWithEditor) [0x00106] in <c4b0cc57ec424a5a9b1c3b56141bb74a>:0 
  at UnityEditor.AssemblyValidation.ValidateAssemblyDefinitions (System.String[] assemblyPaths, Mono.Cecil.AssemblyDefinition[] assemblyDefinitions, System.Func`2[T,TResult] compatibleWithEditor) [0x0000a] in <c4b0cc57ec424a5a9b1c3b56141bb74a>:0 
  at UnityEditor.AssemblyValidation.ValidateAssemblies (System.String[] assemblyPaths, System.Boolean enableLogging) [0x00054] in <c4b0cc57ec424a5a9b1c3b56141bb74a>:0 

- Loaded All Assemblies, in  0.673 seconds
Native extension for WindowsStandalone target not found
Native extension for iOS target not found
Native extension for Android target not found
Native extension for OSXStandalone target not found
Mono: successfully reloaded assembly
- Finished resetting the current domain, in  1.224 seconds
Domain Reload Profiling: 1897ms
	BeginReloadAssembly (302ms)
		ExecutionOrderSort (0ms)
		DisableScriptedObjects (5ms)
		BackupInstance (0ms)
		ReleaseScriptingObjects (0ms)
		CreateAndSetChildDomain (106ms)
	RebuildCommonClasses (69ms)
	RebuildNativeTypeToScriptingClass (13ms)
	initialDomainReloadingComplete (27ms)
	LoadAllAssembliesAndSetupDomain (262ms)
		LoadAssemblies (401ms)
		RebuildTransferFunctionScriptingTraits (0ms)
		AnalyzeDomain (16ms)
			TypeCache.Refresh (6ms)
				TypeCache.ScanAssembly (0ms)
			ScanForSourceGeneratedMonoScriptInfo (0ms)
			ResolveRequiredComponents (8ms)
	FinalizeReload (1225ms)
		ReleaseScriptCaches (0ms)
		RebuildScriptCaches (0ms)
		SetupLoadedEditorAssemblies (668ms)
			LogAssemblyErrors (0ms)
			InitializePlatformSupportModulesInManaged (44ms)
			SetLoadedEditorAssemblies (4ms)
			RefreshPlugins (0ms)
			BeforeProcessingInitializeOnLoad (75ms)
			ProcessInitializeOnLoadAttributes (510ms)
			ProcessInitializeOnLoadMethodAttributes (30ms)
			AfterProcessingInitializeOnLoad (4ms)
			EditorAssembliesLoaded (0ms)
		ExecutionOrderSort2 (0ms)
		AwakeInstancesAfterBackupRestoration (14ms)
Refreshing native plugins compatible for Editor in 5.27 ms, found 3 plugins.
Preloading 0 native plugins for Editor in 0.00 ms.
Unloading 3134 Unused Serialized files (Serialized files now loaded: 0)
Unloading 15 unused Assets / (29.0 KB). Loaded Objects now: 3643.
Memory consumption went from 119.8 MB to 119.7 MB.
Total: 5.502900 ms (FindLiveObjects: 0.496200 ms CreateObjectMapping: 0.442700 ms MarkObjects: 4.501000 ms  DeleteObjects: 0.061600 ms)

Prepare: number of updated asset objects reloaded= 0
AssetImportParameters requested are different than current active one (requested -> active):
  custom:container-demuxer-ogg: 62fdf1f143b41e24485cea50d1cbac27 -> 
  custom:video-codec-MediaFoundation-h265: 746d11721c4dcdbdad8f713fa42b33f4 -> 
  custom:video-decoder-ogg-theora: a1e56fd34408186e4bbccfd4996cb3dc -> 
  custom:framework-win-MediaFoundation: 216162199b28c13a410421893ffa2e32 -> 
  custom:CustomObjectIndexerAttribute: 9a22284fe3817be447336de3de66b15e -> 
  custom:container-demuxer-webm: 4f35f7cbe854078d1ac9338744f61a02 -> 
  custom:container-muxer-webm: aa71ff27fc2769a1b78a27578f13a17b -> 
  custom:video-decoder-webm-vp8: 9c59270c3fd7afecdb556c50c9e8de78 -> 
  custom:SearchIndexIgnoredProperties: e643bd26f0fe6173181afceb89e7c659 -> 
  custom:AudioImporter_EditorPlatform: d09bf68614088b80899f8185d706f6e7 -> 
  custom:video-encoder-webm-vp8: eb34c28f22e8b96e1ab97ce403110664 -> 
  custom:audio-decoder-ogg-vorbis: bf7c407c2cedff20999df2af8eb42d56 -> 
  custom:audio-encoder-webm-vorbis: bf7c407c2cedff20999df2af8eb42d56 -> 
========================================================================
Received Prepare
Caller must complete domain reload
Begin MonoManager ReloadAssembly
BadImageFormatException: Format of the executable (.exe) or library (.dll) is invalid.
  at Mono.Cecil.PE.ImageReader.ReadImage () [0x00026] in <a6860a9f6366437387ebdc1f225b7fd4>:0 
  at Mono.Cecil.PE.ImageReader.ReadImage (Mono.Disposable`1[T] stream, System.String file_name) [0x00007] in <a6860a9f6366437387ebdc1f225b7fd4>:0 
  at Mono.Cecil.ModuleDefinition.ReadModule (Mono.Disposable`1[T] stream, System.String fileName, Mono.Cecil.ReaderParameters parameters) [0x00006] in <a6860a9f6366437387ebdc1f225b7fd4>:0 
  at Mono.Cecil.ModuleDefinition.ReadModule (System.String fileName, Mono.Cecil.ReaderParameters parameters) [0x0006c] in <a6860a9f6366437387ebdc1f225b7fd4>:0 
  at Mono.Cecil.BaseAssemblyResolver.GetAssembly (System.String file, Mono.Cecil.ReaderParameters parameters) [0x0000f] in <a6860a9f6366437387ebdc1f225b7fd4>:0 
  at Mono.Cecil.BaseAssemblyResolver.GetAssemblyInMonoGac (Mono.Cecil.AssemblyNameReference reference, Mono.Cecil.ReaderParameters parameters) [0x00026] in <a6860a9f6366437387ebdc1f225b7fd4>:0 
  at Mono.Cecil.BaseAssemblyResolver.GetAssemblyInGac (Mono.Cecil.AssemblyNameReference reference, Mono.Cecil.ReaderParameters parameters) [0x0002d] in <a6860a9f6366437387ebdc1f225b7fd4>:0 
  at Mono.Cecil.BaseAssemblyResolver.Resolve (Mono.Cecil.AssemblyNameReference name, Mono.Cecil.ReaderParameters parameters) [0x000c7] in <a6860a9f6366437387ebdc1f225b7fd4>:0 
  at Mono.Cecil.BaseAssemblyResolver.Resolve (Mono.Cecil.AssemblyNameReference name) [0x00007] in <a6860a9f6366437387ebdc1f225b7fd4>:0 
  at UnityEditor.AssemblyValidation+AssemblyResolver.Resolve (Mono.Cecil.AssemblyNameReference name) [0x0002f] in <c4b0cc57ec424a5a9b1c3b56141bb74a>:0 
  at UnityEditor.AssemblyValidation.ResolveAndSetupReferences (System.Int32 index, UnityEditor.AssemblyValidation+Error[] errors, Mono.Cecil.AssemblyDefinition[] assemblyDefinitions, System.Collections.Generic.Dictionary`2[TKey,TValue] assemblyDefinitionNameToIndex, UnityEditor.AssemblyValidation+AssemblyAndReferences[] assemblyAndReferences, System.String assemblyPath) [0x00084] in <c4b0cc57ec424a5a9b1c3b56141bb74a>:0 
  at UnityEditor.AssemblyValidation.CheckAssemblyReferences (System.String[] assemblyPaths, UnityEditor.AssemblyValidation+Error[] errors, Mono.Cecil.AssemblyDefinition[] assemblyDefinitions, System.Func`2[T,TResult] compatibleWithEditor) [0x00106] in <c4b0cc57ec424a5a9b1c3b56141bb74a>:0 
  at UnityEditor.AssemblyValidation.ValidateAssemblyDefinitions (System.String[] assemblyPaths, Mono.Cecil.AssemblyDefinition[] assemblyDefinitions, System.Func`2[T,TResult] compatibleWithEditor) [0x0000a] in <c4b0cc57ec424a5a9b1c3b56141bb74a>:0 
  at UnityEditor.AssemblyValidation.ValidateAssemblies (System.String[] assemblyPaths, System.Boolean enableLogging) [0x00054] in <c4b0cc57ec424a5a9b1c3b56141bb74a>:0 

- Loaded All Assemblies, in  1.146 seconds
